ASxxxx Assembler V02.00 + NoICE + SDCC mods  (Zilog Z80 / Hitachi HD64180), page 1.
Hexadecimal [16-Bits]



                              1 ;;
                              2 ;;ENTITY MANAGER
                              3 ;;
                     0003     4 max_entities == 3
                     0009     5 entity_size  == 9
                              6 
   0000 00                    7 _num_entities:: .db 0 
   0001 03 00                 8 _last_elem_ptr:: .dw _entity_array
   0003                       9 _entity_array:: .ds max_entities*entity_size
                             10 
                             11 
   001E                      12 entityman_getEntityArray_IX::
   001E DD 21 03 00   [14]   13     ld  ix, #_entity_array
   0022 C9            [10]   14     ret
                             15 
   0023                      16 entityman_getNumEntities_A::
   0023 3A 00 00      [13]   17     ld  a, (_num_entities)
   0026 C9            [10]   18     ret
                             19 
                             20 ;;INPUT
                             21 ;;  HL: pointer to entity initializer bytes
   0027                      22 entityman_create::
   0027 ED 5B 01 00   [20]   23     ld de, (_last_elem_ptr)
   002B 01 09 00      [10]   24     ld bc, #entity_size
   002E ED B0         [21]   25     ldir
                             26 
   0030 3A 00 00      [13]   27     ld a, (_num_entities)
   0033 3C            [ 4]   28     inc a
   0034 32 00 00      [13]   29     ld (_num_entities), a
                             30 
   0037 2A 01 00      [16]   31     ld hl, (_last_elem_ptr)
   003A 01 09 00      [10]   32     ld bc, #entity_size
   003D 09            [11]   33     add hl, bc
   003E 22 01 00      [16]   34     ld  (_last_elem_ptr), hl
                             35 
   0041 C9            [10]   36     ret
