ASxxxx Assembler V02.00 + NoICE + SDCC mods  (Zilog Z80 / Hitachi HD64180), page 1.
Hexadecimal [16-Bits]



                              1 ;;
                              2 ;;RENDER SYSTEM
                              3 ;;
                              4 
                     C000     5 screen_start = 0xC000
                     0000     6 backgroun_color = 0x00
                              7 
                              8 ;;Initializes the render system by storing a pointer to the first element of the entity array
   0000                       9 rendersys_init::
   0000 F5            [11]   10     push af
                             11 
   0001 11 00 C0      [10]   12     ld de, #screen_start
   0004 DD 46 01      [19]   13     ld  b, 1(ix)    ;;y
   0007 DD 4E 00      [19]   14     ld  c, 0(ix)    ;;x
   000A CD 00 00      [17]   15     call cpct_getScreenPtr_asm
                             16 
   000D DD 74 08      [19]   17     ld 8(ix), h
   0010 DD 75 07      [19]   18     ld 7(ix), l
                             19 
   0013 01 00 00      [10]   20     ld bc, #entity_size
   0016 DD 09         [15]   21     add ix, bc
   0018 18 00         [12]   22     jr _renloop
                             23 
                             24 ;;INPUT
                             25 ;;  IX: Pointer to first entity
                             26 ;;   A: number of entities to render
   001A                      27 rendersys_update::
                             28 
   001A                      29 _renloop:
   001A F5            [11]   30     push af
                             31 
                             32     ;; Erase the las sprite position
   001B DD 66 08      [19]   33     ld h, 8(ix)
   001E DD 6E 07      [19]   34     ld l, 7(ix)
   0021 EB            [ 4]   35     ex de, hl
   0022 3E 00         [ 7]   36     ld  a, #backgroun_color
   0024 DD 46 03      [19]   37     ld  b, 3(ix)    ;;w
   0027 DD 4E 02      [19]   38     ld  c, 2(ix)    ;;H
   002A CD 00 00      [17]   39     call cpct_drawSolidBox_asm ;;For this first iteration Entities will not have strites and will be solid boxes instead
                             40 
                             41 
                             42     ;; Draw the new sprite and store the new position
   002D 11 00 C0      [10]   43     ld de, #screen_start
   0030 DD 46 01      [19]   44     ld  b, 1(ix)    ;;y
   0033 DD 4E 00      [19]   45     ld  c, 0(ix)    ;;x
   0036 CD 00 00      [17]   46     call cpct_getScreenPtr_asm
   0039 DD 74 08      [19]   47     ld 8(ix), h
   003C DD 75 07      [19]   48     ld 7(ix), l
   003F EB            [ 4]   49     ex de, hl
   0040 DD 7E 06      [19]   50     ld  a, 6(ix)
   0043 DD 46 03      [19]   51     ld  b, 3(ix)    ;;w
   0046 DD 4E 02      [19]   52     ld  c, 2(ix)    ;;H
   0049 CD 00 00      [17]   53     call cpct_drawSolidBox_asm ;;For this first iteration Entities will not have strites and will be solid boxes instead
                             54 
   004C F1            [10]   55     pop af
ASxxxx Assembler V02.00 + NoICE + SDCC mods  (Zilog Z80 / Hitachi HD64180), page 2.
Hexadecimal [16-Bits]



                             56 
   004D 3D            [ 4]   57     dec a
   004E C8            [11]   58     ret z
                             59 
   004F 01 00 00      [10]   60     ld bc, #entity_size
   0052 DD 09         [15]   61     add ix, bc
   0054 18 C4         [12]   62     jr _renloop
